2018-08-26 22:28:54,449 - Log4JLogChute initialized using file 'velocity.log'
2018-08-26 22:28:54,449 - Initializing Velocity, Calling init()...
2018-08-26 22:28:54,449 - Starting Apache Velocity v1.7 (compiled: 2010-11-19 12:14:37)
2018-08-26 22:28:54,449 - Default Properties File: org\apache\velocity\runtime\defaults\velocity.properties
2018-08-26 22:28:54,449 - Trying to use logger class org.apache.velocity.runtime.log.AvalonLogChute
2018-08-26 22:28:54,449 - Target log system for org.apache.velocity.runtime.log.AvalonLogChute is not available (java.lang.NoClassDefFoundError: org/apache/log/format/Formatter).  Falling back to next log system...
2018-08-26 22:28:54,450 - Trying to use logger class org.apache.velocity.runtime.log.Log4JLogChute
2018-08-26 22:28:54,450 - Using logger class org.apache.velocity.runtime.log.Log4JLogChute
2018-08-26 22:28:54,454 - ResourceLoader instantiated: org.apache.velocity.runtime.resource.loader.ClasspathResourceLoader
2018-08-26 22:28:54,479 - ResourceCache: initialized (class org.apache.velocity.runtime.resource.ResourceCacheImpl) with class java.util.Collections$SynchronizedMap cache map.
2018-08-26 22:28:54,481 - Loaded System Directive: org.apache.velocity.runtime.directive.Stop
2018-08-26 22:28:54,483 - Loaded System Directive: org.apache.velocity.runtime.directive.Define
2018-08-26 22:28:54,484 - Loaded System Directive: org.apache.velocity.runtime.directive.Break
2018-08-26 22:28:54,486 - Loaded System Directive: org.apache.velocity.runtime.directive.Evaluate
2018-08-26 22:28:54,489 - Loaded System Directive: org.apache.velocity.runtime.directive.Literal
2018-08-26 22:28:54,492 - Loaded System Directive: org.apache.velocity.runtime.directive.Macro
2018-08-26 22:28:54,495 - Loaded System Directive: org.apache.velocity.runtime.directive.Parse
2018-08-26 22:28:54,497 - Loaded System Directive: org.apache.velocity.runtime.directive.Include
2018-08-26 22:28:54,499 - Loaded System Directive: org.apache.velocity.runtime.directive.Foreach
2018-08-26 22:28:54,561 - Created '20' parsers.
2018-08-26 22:28:54,567 - Velocimacro : "velocimacro.library" is not set.  Trying default library: VM_global_library.vm
2018-08-26 22:28:54,567 - Could not load resource 'VM_global_library.vm' from ResourceLoader org.apache.velocity.runtime.resource.loader.ClasspathResourceLoader: ClasspathResourceLoader Error: cannot find resource VM_global_library.vm
2018-08-26 22:28:54,568 - Velocimacro : Default library not found.
2018-08-26 22:28:54,568 - Velocimacro : allowInline = true : VMs can be defined inline in templates
2018-08-26 22:28:54,568 - Velocimacro : allowInlineToOverride = false : VMs defined inline may NOT replace previous VM definitions
2018-08-26 22:28:54,568 - Velocimacro : allowInlineLocal = false : VMs defined inline will be global in scope if allowed.
2018-08-26 22:28:54,568 - Velocimacro : autoload off : VM system will not automatically reload global library macros
2018-08-26 22:28:54,605 - ResourceManager : found /templates/entity.java.vm with loader org.apache.velocity.runtime.resource.loader.ClasspathResourceLoader
2018-08-26 22:28:54,621 - Left side (${versionFieldName}) of '==' operation has null value. If it is a reference, it may not be in the context or its toString() returned null. /templates/entity.java.vm[line 76, column 26]
2018-08-26 22:28:54,621 - Left side (${logicDeleteFieldName}) of '==' operation has null value. If it is a reference, it may not be in the context or its toString() returned null. /templates/entity.java.vm[line 80, column 30]
2018-08-26 22:28:54,621 - Left side (${versionFieldName}) of '==' operation has null value. If it is a reference, it may not be in the context or its toString() returned null. /templates/entity.java.vm[line 76, column 26]
2018-08-26 22:28:54,621 - Left side (${logicDeleteFieldName}) of '==' operation has null value. If it is a reference, it may not be in the context or its toString() returned null. /templates/entity.java.vm[line 80, column 30]
2018-08-26 22:28:54,621 - Left side (${versionFieldName}) of '==' operation has null value. If it is a reference, it may not be in the context or its toString() returned null. /templates/entity.java.vm[line 76, column 26]
2018-08-26 22:28:54,622 - Left side (${logicDeleteFieldName}) of '==' operation has null value. If it is a reference, it may not be in the context or its toString() returned null. /templates/entity.java.vm[line 80, column 30]
2018-08-26 22:28:54,622 - Left side (${versionFieldName}) of '==' operation has null value. If it is a reference, it may not be in the context or its toString() returned null. /templates/entity.java.vm[line 76, column 26]
2018-08-26 22:28:54,622 - Left side (${logicDeleteFieldName}) of '==' operation has null value. If it is a reference, it may not be in the context or its toString() returned null. /templates/entity.java.vm[line 80, column 30]
2018-08-26 22:28:54,622 - Left side (${versionFieldName}) of '==' operation has null value. If it is a reference, it may not be in the context or its toString() returned null. /templates/entity.java.vm[line 76, column 26]
2018-08-26 22:28:54,622 - Left side (${logicDeleteFieldName}) of '==' operation has null value. If it is a reference, it may not be in the context or its toString() returned null. /templates/entity.java.vm[line 80, column 30]
2018-08-26 22:28:54,622 - Left side (${versionFieldName}) of '==' operation has null value. If it is a reference, it may not be in the context or its toString() returned null. /templates/entity.java.vm[line 76, column 26]
2018-08-26 22:28:54,623 - Left side (${logicDeleteFieldName}) of '==' operation has null value. If it is a reference, it may not be in the context or its toString() returned null. /templates/entity.java.vm[line 80, column 30]
2018-08-26 22:28:54,623 - Left side (${versionFieldName}) of '==' operation has null value. If it is a reference, it may not be in the context or its toString() returned null. /templates/entity.java.vm[line 76, column 26]
2018-08-26 22:28:54,623 - Left side (${logicDeleteFieldName}) of '==' operation has null value. If it is a reference, it may not be in the context or its toString() returned null. /templates/entity.java.vm[line 80, column 30]
2018-08-26 22:28:54,625 - Left side (${versionFieldName}) of '==' operation has null value. If it is a reference, it may not be in the context or its toString() returned null. /templates/entity.java.vm[line 76, column 26]
2018-08-26 22:28:54,626 - Left side (${logicDeleteFieldName}) of '==' operation has null value. If it is a reference, it may not be in the context or its toString() returned null. /templates/entity.java.vm[line 80, column 30]
2018-08-26 22:28:54,626 - Left side (${versionFieldName}) of '==' operation has null value. If it is a reference, it may not be in the context or its toString() returned null. /templates/entity.java.vm[line 76, column 26]
2018-08-26 22:28:54,626 - Left side (${logicDeleteFieldName}) of '==' operation has null value. If it is a reference, it may not be in the context or its toString() returned null. /templates/entity.java.vm[line 80, column 30]
2018-08-26 22:28:54,627 - Left side (${versionFieldName}) of '==' operation has null value. If it is a reference, it may not be in the context or its toString() returned null. /templates/entity.java.vm[line 76, column 26]
2018-08-26 22:28:54,627 - Left side (${logicDeleteFieldName}) of '==' operation has null value. If it is a reference, it may not be in the context or its toString() returned null. /templates/entity.java.vm[line 80, column 30]
2018-08-26 22:28:54,627 - Left side (${versionFieldName}) of '==' operation has null value. If it is a reference, it may not be in the context or its toString() returned null. /templates/entity.java.vm[line 76, column 26]
2018-08-26 22:28:54,627 - Left side (${logicDeleteFieldName}) of '==' operation has null value. If it is a reference, it may not be in the context or its toString() returned null. /templates/entity.java.vm[line 80, column 30]
2018-08-26 22:28:54,627 - Left side (${versionFieldName}) of '==' operation has null value. If it is a reference, it may not be in the context or its toString() returned null. /templates/entity.java.vm[line 76, column 26]
2018-08-26 22:28:54,627 - Left side (${logicDeleteFieldName}) of '==' operation has null value. If it is a reference, it may not be in the context or its toString() returned null. /templates/entity.java.vm[line 80, column 30]
2018-08-26 22:28:54,627 - Left side (${versionFieldName}) of '==' operation has null value. If it is a reference, it may not be in the context or its toString() returned null. /templates/entity.java.vm[line 76, column 26]
2018-08-26 22:28:54,628 - Left side (${logicDeleteFieldName}) of '==' operation has null value. If it is a reference, it may not be in the context or its toString() returned null. /templates/entity.java.vm[line 80, column 30]
2018-08-26 22:28:54,647 - ResourceManager : found /templates/mapper.java.vm with loader org.apache.velocity.runtime.resource.loader.ClasspathResourceLoader
2018-08-26 22:28:54,651 - ResourceManager : found /templates/service.java.vm with loader org.apache.velocity.runtime.resource.loader.ClasspathResourceLoader
2018-08-26 22:28:54,655 - ResourceManager : found /templates/serviceImpl.java.vm with loader org.apache.velocity.runtime.resource.loader.ClasspathResourceLoader
2018-08-26 22:28:54,661 - ResourceManager : found /templates/controller.java.vm with loader org.apache.velocity.runtime.resource.loader.ClasspathResourceLoader
2018-08-26 22:28:54,665 - ResourceManager : unable to find resource '/template/list.jsp.vm' in any resource loader.
2018-08-26 22:32:25,590 - Log4JLogChute initialized using file 'velocity.log'
2018-08-26 22:32:25,590 - Initializing Velocity, Calling init()...
2018-08-26 22:32:25,590 - Starting Apache Velocity v1.7 (compiled: 2010-11-19 12:14:37)
2018-08-26 22:32:25,591 - Default Properties File: org\apache\velocity\runtime\defaults\velocity.properties
2018-08-26 22:32:25,591 - Trying to use logger class org.apache.velocity.runtime.log.AvalonLogChute
2018-08-26 22:32:25,591 - Target log system for org.apache.velocity.runtime.log.AvalonLogChute is not available (java.lang.NoClassDefFoundError: org/apache/log/format/Formatter).  Falling back to next log system...
2018-08-26 22:32:25,591 - Trying to use logger class org.apache.velocity.runtime.log.Log4JLogChute
2018-08-26 22:32:25,591 - Using logger class org.apache.velocity.runtime.log.Log4JLogChute
2018-08-26 22:32:25,598 - ResourceLoader instantiated: org.apache.velocity.runtime.resource.loader.ClasspathResourceLoader
2018-08-26 22:32:25,614 - ResourceCache: initialized (class org.apache.velocity.runtime.resource.ResourceCacheImpl) with class java.util.Collections$SynchronizedMap cache map.
2018-08-26 22:32:25,615 - Loaded System Directive: org.apache.velocity.runtime.directive.Stop
2018-08-26 22:32:25,617 - Loaded System Directive: org.apache.velocity.runtime.directive.Define
2018-08-26 22:32:25,618 - Loaded System Directive: org.apache.velocity.runtime.directive.Break
2018-08-26 22:32:25,619 - Loaded System Directive: org.apache.velocity.runtime.directive.Evaluate
2018-08-26 22:32:25,620 - Loaded System Directive: org.apache.velocity.runtime.directive.Literal
2018-08-26 22:32:25,622 - Loaded System Directive: org.apache.velocity.runtime.directive.Macro
2018-08-26 22:32:25,623 - Loaded System Directive: org.apache.velocity.runtime.directive.Parse
2018-08-26 22:32:25,624 - Loaded System Directive: org.apache.velocity.runtime.directive.Include
2018-08-26 22:32:25,626 - Loaded System Directive: org.apache.velocity.runtime.directive.Foreach
2018-08-26 22:32:25,672 - Created '20' parsers.
2018-08-26 22:32:25,675 - Velocimacro : "velocimacro.library" is not set.  Trying default library: VM_global_library.vm
2018-08-26 22:32:25,676 - Could not load resource 'VM_global_library.vm' from ResourceLoader org.apache.velocity.runtime.resource.loader.ClasspathResourceLoader: ClasspathResourceLoader Error: cannot find resource VM_global_library.vm
2018-08-26 22:32:25,676 - Velocimacro : Default library not found.
2018-08-26 22:32:25,676 - Velocimacro : allowInline = true : VMs can be defined inline in templates
2018-08-26 22:32:25,676 - Velocimacro : allowInlineToOverride = false : VMs defined inline may NOT replace previous VM definitions
2018-08-26 22:32:25,676 - Velocimacro : allowInlineLocal = false : VMs defined inline will be global in scope if allowed.
2018-08-26 22:32:25,676 - Velocimacro : autoload off : VM system will not automatically reload global library macros
2018-08-26 22:32:25,701 - ResourceManager : found /templates/entity.java.vm with loader org.apache.velocity.runtime.resource.loader.ClasspathResourceLoader
2018-08-26 22:32:25,714 - Left side (${versionFieldName}) of '==' operation has null value. If it is a reference, it may not be in the context or its toString() returned null. /templates/entity.java.vm[line 76, column 26]
2018-08-26 22:32:25,714 - Left side (${logicDeleteFieldName}) of '==' operation has null value. If it is a reference, it may not be in the context or its toString() returned null. /templates/entity.java.vm[line 80, column 30]
2018-08-26 22:32:25,714 - Left side (${versionFieldName}) of '==' operation has null value. If it is a reference, it may not be in the context or its toString() returned null. /templates/entity.java.vm[line 76, column 26]
2018-08-26 22:32:25,714 - Left side (${logicDeleteFieldName}) of '==' operation has null value. If it is a reference, it may not be in the context or its toString() returned null. /templates/entity.java.vm[line 80, column 30]
2018-08-26 22:32:25,714 - Left side (${versionFieldName}) of '==' operation has null value. If it is a reference, it may not be in the context or its toString() returned null. /templates/entity.java.vm[line 76, column 26]
2018-08-26 22:32:25,714 - Left side (${logicDeleteFieldName}) of '==' operation has null value. If it is a reference, it may not be in the context or its toString() returned null. /templates/entity.java.vm[line 80, column 30]
2018-08-26 22:32:25,714 - Left side (${versionFieldName}) of '==' operation has null value. If it is a reference, it may not be in the context or its toString() returned null. /templates/entity.java.vm[line 76, column 26]
2018-08-26 22:32:25,715 - Left side (${logicDeleteFieldName}) of '==' operation has null value. If it is a reference, it may not be in the context or its toString() returned null. /templates/entity.java.vm[line 80, column 30]
2018-08-26 22:32:25,715 - Left side (${versionFieldName}) of '==' operation has null value. If it is a reference, it may not be in the context or its toString() returned null. /templates/entity.java.vm[line 76, column 26]
2018-08-26 22:32:25,715 - Left side (${logicDeleteFieldName}) of '==' operation has null value. If it is a reference, it may not be in the context or its toString() returned null. /templates/entity.java.vm[line 80, column 30]
2018-08-26 22:32:25,715 - Left side (${versionFieldName}) of '==' operation has null value. If it is a reference, it may not be in the context or its toString() returned null. /templates/entity.java.vm[line 76, column 26]
2018-08-26 22:32:25,715 - Left side (${logicDeleteFieldName}) of '==' operation has null value. If it is a reference, it may not be in the context or its toString() returned null. /templates/entity.java.vm[line 80, column 30]
2018-08-26 22:32:25,716 - Left side (${versionFieldName}) of '==' operation has null value. If it is a reference, it may not be in the context or its toString() returned null. /templates/entity.java.vm[line 76, column 26]
2018-08-26 22:32:25,716 - Left side (${logicDeleteFieldName}) of '==' operation has null value. If it is a reference, it may not be in the context or its toString() returned null. /templates/entity.java.vm[line 80, column 30]
2018-08-26 22:32:25,716 - Left side (${versionFieldName}) of '==' operation has null value. If it is a reference, it may not be in the context or its toString() returned null. /templates/entity.java.vm[line 76, column 26]
2018-08-26 22:32:25,716 - Left side (${logicDeleteFieldName}) of '==' operation has null value. If it is a reference, it may not be in the context or its toString() returned null. /templates/entity.java.vm[line 80, column 30]
2018-08-26 22:32:25,717 - Left side (${versionFieldName}) of '==' operation has null value. If it is a reference, it may not be in the context or its toString() returned null. /templates/entity.java.vm[line 76, column 26]
2018-08-26 22:32:25,717 - Left side (${logicDeleteFieldName}) of '==' operation has null value. If it is a reference, it may not be in the context or its toString() returned null. /templates/entity.java.vm[line 80, column 30]
2018-08-26 22:32:25,717 - Left side (${versionFieldName}) of '==' operation has null value. If it is a reference, it may not be in the context or its toString() returned null. /templates/entity.java.vm[line 76, column 26]
2018-08-26 22:32:25,717 - Left side (${logicDeleteFieldName}) of '==' operation has null value. If it is a reference, it may not be in the context or its toString() returned null. /templates/entity.java.vm[line 80, column 30]
2018-08-26 22:32:25,717 - Left side (${versionFieldName}) of '==' operation has null value. If it is a reference, it may not be in the context or its toString() returned null. /templates/entity.java.vm[line 76, column 26]
2018-08-26 22:32:25,717 - Left side (${logicDeleteFieldName}) of '==' operation has null value. If it is a reference, it may not be in the context or its toString() returned null. /templates/entity.java.vm[line 80, column 30]
2018-08-26 22:32:25,717 - Left side (${versionFieldName}) of '==' operation has null value. If it is a reference, it may not be in the context or its toString() returned null. /templates/entity.java.vm[line 76, column 26]
2018-08-26 22:32:25,717 - Left side (${logicDeleteFieldName}) of '==' operation has null value. If it is a reference, it may not be in the context or its toString() returned null. /templates/entity.java.vm[line 80, column 30]
2018-08-26 22:32:25,718 - Left side (${versionFieldName}) of '==' operation has null value. If it is a reference, it may not be in the context or its toString() returned null. /templates/entity.java.vm[line 76, column 26]
2018-08-26 22:32:25,718 - Left side (${logicDeleteFieldName}) of '==' operation has null value. If it is a reference, it may not be in the context or its toString() returned null. /templates/entity.java.vm[line 80, column 30]
2018-08-26 22:32:25,726 - ResourceManager : found /templates/mapper.java.vm with loader org.apache.velocity.runtime.resource.loader.ClasspathResourceLoader
2018-08-26 22:32:25,729 - ResourceManager : found /templates/service.java.vm with loader org.apache.velocity.runtime.resource.loader.ClasspathResourceLoader
2018-08-26 22:32:25,733 - ResourceManager : found /templates/serviceImpl.java.vm with loader org.apache.velocity.runtime.resource.loader.ClasspathResourceLoader
2018-08-26 22:32:25,737 - ResourceManager : found /templates/controller.java.vm with loader org.apache.velocity.runtime.resource.loader.ClasspathResourceLoader
2018-08-26 22:32:25,739 - ResourceManager : unable to find resource '/template/list.jsp.vm' in any resource loader.
2018-08-26 22:32:40,094 - Log4JLogChute initialized using file 'velocity.log'
2018-08-26 22:32:40,095 - Initializing Velocity, Calling init()...
2018-08-26 22:32:40,095 - Starting Apache Velocity v1.7 (compiled: 2010-11-19 12:14:37)
2018-08-26 22:32:40,095 - Default Properties File: org\apache\velocity\runtime\defaults\velocity.properties
2018-08-26 22:32:40,095 - Trying to use logger class org.apache.velocity.runtime.log.AvalonLogChute
2018-08-26 22:32:40,095 - Target log system for org.apache.velocity.runtime.log.AvalonLogChute is not available (java.lang.NoClassDefFoundError: org/apache/log/format/Formatter).  Falling back to next log system...
2018-08-26 22:32:40,095 - Trying to use logger class org.apache.velocity.runtime.log.Log4JLogChute
2018-08-26 22:32:40,095 - Using logger class org.apache.velocity.runtime.log.Log4JLogChute
2018-08-26 22:32:40,104 - ResourceLoader instantiated: org.apache.velocity.runtime.resource.loader.ClasspathResourceLoader
2018-08-26 22:32:40,126 - ResourceCache: initialized (class org.apache.velocity.runtime.resource.ResourceCacheImpl) with class java.util.Collections$SynchronizedMap cache map.
2018-08-26 22:32:40,129 - Loaded System Directive: org.apache.velocity.runtime.directive.Stop
2018-08-26 22:32:40,131 - Loaded System Directive: org.apache.velocity.runtime.directive.Define
2018-08-26 22:32:40,132 - Loaded System Directive: org.apache.velocity.runtime.directive.Break
2018-08-26 22:32:40,133 - Loaded System Directive: org.apache.velocity.runtime.directive.Evaluate
2018-08-26 22:32:40,134 - Loaded System Directive: org.apache.velocity.runtime.directive.Literal
2018-08-26 22:32:40,135 - Loaded System Directive: org.apache.velocity.runtime.directive.Macro
2018-08-26 22:32:40,137 - Loaded System Directive: org.apache.velocity.runtime.directive.Parse
2018-08-26 22:32:40,139 - Loaded System Directive: org.apache.velocity.runtime.directive.Include
2018-08-26 22:32:40,141 - Loaded System Directive: org.apache.velocity.runtime.directive.Foreach
2018-08-26 22:32:40,183 - Created '20' parsers.
2018-08-26 22:32:40,189 - Velocimacro : "velocimacro.library" is not set.  Trying default library: VM_global_library.vm
2018-08-26 22:32:40,190 - Could not load resource 'VM_global_library.vm' from ResourceLoader org.apache.velocity.runtime.resource.loader.ClasspathResourceLoader: ClasspathResourceLoader Error: cannot find resource VM_global_library.vm
2018-08-26 22:32:40,190 - Velocimacro : Default library not found.
2018-08-26 22:32:40,190 - Velocimacro : allowInline = true : VMs can be defined inline in templates
2018-08-26 22:32:40,190 - Velocimacro : allowInlineToOverride = false : VMs defined inline may NOT replace previous VM definitions
2018-08-26 22:32:40,190 - Velocimacro : allowInlineLocal = false : VMs defined inline will be global in scope if allowed.
2018-08-26 22:32:40,190 - Velocimacro : autoload off : VM system will not automatically reload global library macros
2018-08-26 22:32:40,214 - ResourceManager : found /templates/entity.java.vm with loader org.apache.velocity.runtime.resource.loader.ClasspathResourceLoader
2018-08-26 22:32:40,224 - Left side (${versionFieldName}) of '==' operation has null value. If it is a reference, it may not be in the context or its toString() returned null. /templates/entity.java.vm[line 76, column 26]
2018-08-26 22:32:40,224 - Left side (${logicDeleteFieldName}) of '==' operation has null value. If it is a reference, it may not be in the context or its toString() returned null. /templates/entity.java.vm[line 80, column 30]
2018-08-26 22:32:40,224 - Left side (${versionFieldName}) of '==' operation has null value. If it is a reference, it may not be in the context or its toString() returned null. /templates/entity.java.vm[line 76, column 26]
2018-08-26 22:32:40,224 - Left side (${logicDeleteFieldName}) of '==' operation has null value. If it is a reference, it may not be in the context or its toString() returned null. /templates/entity.java.vm[line 80, column 30]
2018-08-26 22:32:40,224 - Left side (${versionFieldName}) of '==' operation has null value. If it is a reference, it may not be in the context or its toString() returned null. /templates/entity.java.vm[line 76, column 26]
2018-08-26 22:32:40,224 - Left side (${logicDeleteFieldName}) of '==' operation has null value. If it is a reference, it may not be in the context or its toString() returned null. /templates/entity.java.vm[line 80, column 30]
2018-08-26 22:32:40,224 - Left side (${versionFieldName}) of '==' operation has null value. If it is a reference, it may not be in the context or its toString() returned null. /templates/entity.java.vm[line 76, column 26]
2018-08-26 22:32:40,224 - Left side (${logicDeleteFieldName}) of '==' operation has null value. If it is a reference, it may not be in the context or its toString() returned null. /templates/entity.java.vm[line 80, column 30]
2018-08-26 22:32:40,224 - Left side (${versionFieldName}) of '==' operation has null value. If it is a reference, it may not be in the context or its toString() returned null. /templates/entity.java.vm[line 76, column 26]
2018-08-26 22:32:40,225 - Left side (${logicDeleteFieldName}) of '==' operation has null value. If it is a reference, it may not be in the context or its toString() returned null. /templates/entity.java.vm[line 80, column 30]
2018-08-26 22:32:40,225 - Left side (${versionFieldName}) of '==' operation has null value. If it is a reference, it may not be in the context or its toString() returned null. /templates/entity.java.vm[line 76, column 26]
2018-08-26 22:32:40,225 - Left side (${logicDeleteFieldName}) of '==' operation has null value. If it is a reference, it may not be in the context or its toString() returned null. /templates/entity.java.vm[line 80, column 30]
2018-08-26 22:32:40,225 - Left side (${versionFieldName}) of '==' operation has null value. If it is a reference, it may not be in the context or its toString() returned null. /templates/entity.java.vm[line 76, column 26]
2018-08-26 22:32:40,225 - Left side (${logicDeleteFieldName}) of '==' operation has null value. If it is a reference, it may not be in the context or its toString() returned null. /templates/entity.java.vm[line 80, column 30]
2018-08-26 22:32:40,226 - Left side (${versionFieldName}) of '==' operation has null value. If it is a reference, it may not be in the context or its toString() returned null. /templates/entity.java.vm[line 76, column 26]
2018-08-26 22:32:40,226 - Left side (${logicDeleteFieldName}) of '==' operation has null value. If it is a reference, it may not be in the context or its toString() returned null. /templates/entity.java.vm[line 80, column 30]
2018-08-26 22:32:40,226 - Left side (${versionFieldName}) of '==' operation has null value. If it is a reference, it may not be in the context or its toString() returned null. /templates/entity.java.vm[line 76, column 26]
2018-08-26 22:32:40,226 - Left side (${logicDeleteFieldName}) of '==' operation has null value. If it is a reference, it may not be in the context or its toString() returned null. /templates/entity.java.vm[line 80, column 30]
2018-08-26 22:32:40,226 - Left side (${versionFieldName}) of '==' operation has null value. If it is a reference, it may not be in the context or its toString() returned null. /templates/entity.java.vm[line 76, column 26]
2018-08-26 22:32:40,226 - Left side (${logicDeleteFieldName}) of '==' operation has null value. If it is a reference, it may not be in the context or its toString() returned null. /templates/entity.java.vm[line 80, column 30]
2018-08-26 22:32:40,226 - Left side (${versionFieldName}) of '==' operation has null value. If it is a reference, it may not be in the context or its toString() returned null. /templates/entity.java.vm[line 76, column 26]
2018-08-26 22:32:40,226 - Left side (${logicDeleteFieldName}) of '==' operation has null value. If it is a reference, it may not be in the context or its toString() returned null. /templates/entity.java.vm[line 80, column 30]
2018-08-26 22:32:40,226 - Left side (${versionFieldName}) of '==' operation has null value. If it is a reference, it may not be in the context or its toString() returned null. /templates/entity.java.vm[line 76, column 26]
2018-08-26 22:32:40,227 - Left side (${logicDeleteFieldName}) of '==' operation has null value. If it is a reference, it may not be in the context or its toString() returned null. /templates/entity.java.vm[line 80, column 30]
2018-08-26 22:32:40,227 - Left side (${versionFieldName}) of '==' operation has null value. If it is a reference, it may not be in the context or its toString() returned null. /templates/entity.java.vm[line 76, column 26]
2018-08-26 22:32:40,227 - Left side (${logicDeleteFieldName}) of '==' operation has null value. If it is a reference, it may not be in the context or its toString() returned null. /templates/entity.java.vm[line 80, column 30]
2018-08-26 22:32:40,234 - ResourceManager : found /templates/mapper.java.vm with loader org.apache.velocity.runtime.resource.loader.ClasspathResourceLoader
2018-08-26 22:32:40,238 - ResourceManager : found /templates/service.java.vm with loader org.apache.velocity.runtime.resource.loader.ClasspathResourceLoader
2018-08-26 22:32:40,241 - ResourceManager : found /templates/serviceImpl.java.vm with loader org.apache.velocity.runtime.resource.loader.ClasspathResourceLoader
2018-08-26 22:32:40,244 - ResourceManager : found /templates/controller.java.vm with loader org.apache.velocity.runtime.resource.loader.ClasspathResourceLoader
2018-08-26 22:32:40,248 - ResourceManager : unable to find resource '/template/list.jsp.vm' in any resource loader.
2018-08-26 22:33:33,450 - Log4JLogChute initialized using file 'velocity.log'
2018-08-26 22:33:33,450 - Initializing Velocity, Calling init()...
2018-08-26 22:33:33,450 - Starting Apache Velocity v1.7 (compiled: 2010-11-19 12:14:37)
2018-08-26 22:33:33,450 - Default Properties File: org\apache\velocity\runtime\defaults\velocity.properties
2018-08-26 22:33:33,450 - Trying to use logger class org.apache.velocity.runtime.log.AvalonLogChute
2018-08-26 22:33:33,450 - Target log system for org.apache.velocity.runtime.log.AvalonLogChute is not available (java.lang.NoClassDefFoundError: org/apache/log/format/Formatter).  Falling back to next log system...
2018-08-26 22:33:33,450 - Trying to use logger class org.apache.velocity.runtime.log.Log4JLogChute
2018-08-26 22:33:33,450 - Using logger class org.apache.velocity.runtime.log.Log4JLogChute
2018-08-26 22:33:33,454 - ResourceLoader instantiated: org.apache.velocity.runtime.resource.loader.ClasspathResourceLoader
2018-08-26 22:33:33,467 - ResourceCache: initialized (class org.apache.velocity.runtime.resource.ResourceCacheImpl) with class java.util.Collections$SynchronizedMap cache map.
2018-08-26 22:33:33,468 - Loaded System Directive: org.apache.velocity.runtime.directive.Stop
2018-08-26 22:33:33,469 - Loaded System Directive: org.apache.velocity.runtime.directive.Define
2018-08-26 22:33:33,470 - Loaded System Directive: org.apache.velocity.runtime.directive.Break
2018-08-26 22:33:33,470 - Loaded System Directive: org.apache.velocity.runtime.directive.Evaluate
2018-08-26 22:33:33,471 - Loaded System Directive: org.apache.velocity.runtime.directive.Literal
2018-08-26 22:33:33,472 - Loaded System Directive: org.apache.velocity.runtime.directive.Macro
2018-08-26 22:33:33,474 - Loaded System Directive: org.apache.velocity.runtime.directive.Parse
2018-08-26 22:33:33,475 - Loaded System Directive: org.apache.velocity.runtime.directive.Include
2018-08-26 22:33:33,476 - Loaded System Directive: org.apache.velocity.runtime.directive.Foreach
2018-08-26 22:33:33,506 - Created '20' parsers.
2018-08-26 22:33:33,511 - Velocimacro : "velocimacro.library" is not set.  Trying default library: VM_global_library.vm
2018-08-26 22:33:33,512 - Could not load resource 'VM_global_library.vm' from ResourceLoader org.apache.velocity.runtime.resource.loader.ClasspathResourceLoader: ClasspathResourceLoader Error: cannot find resource VM_global_library.vm
2018-08-26 22:33:33,512 - Velocimacro : Default library not found.
2018-08-26 22:33:33,512 - Velocimacro : allowInline = true : VMs can be defined inline in templates
2018-08-26 22:33:33,512 - Velocimacro : allowInlineToOverride = false : VMs defined inline may NOT replace previous VM definitions
2018-08-26 22:33:33,512 - Velocimacro : allowInlineLocal = false : VMs defined inline will be global in scope if allowed.
2018-08-26 22:33:33,512 - Velocimacro : autoload off : VM system will not automatically reload global library macros
2018-08-26 22:33:33,545 - ResourceManager : found /templates/entity.java.vm with loader org.apache.velocity.runtime.resource.loader.ClasspathResourceLoader
2018-08-26 22:33:33,554 - Left side (${versionFieldName}) of '==' operation has null value. If it is a reference, it may not be in the context or its toString() returned null. /templates/entity.java.vm[line 76, column 26]
2018-08-26 22:33:33,554 - Left side (${logicDeleteFieldName}) of '==' operation has null value. If it is a reference, it may not be in the context or its toString() returned null. /templates/entity.java.vm[line 80, column 30]
2018-08-26 22:33:33,554 - Left side (${versionFieldName}) of '==' operation has null value. If it is a reference, it may not be in the context or its toString() returned null. /templates/entity.java.vm[line 76, column 26]
2018-08-26 22:33:33,554 - Left side (${logicDeleteFieldName}) of '==' operation has null value. If it is a reference, it may not be in the context or its toString() returned null. /templates/entity.java.vm[line 80, column 30]
2018-08-26 22:33:33,554 - Left side (${versionFieldName}) of '==' operation has null value. If it is a reference, it may not be in the context or its toString() returned null. /templates/entity.java.vm[line 76, column 26]
2018-08-26 22:33:33,554 - Left side (${logicDeleteFieldName}) of '==' operation has null value. If it is a reference, it may not be in the context or its toString() returned null. /templates/entity.java.vm[line 80, column 30]
2018-08-26 22:33:33,562 - ResourceManager : found /templates/mapper.java.vm with loader org.apache.velocity.runtime.resource.loader.ClasspathResourceLoader
2018-08-26 22:33:33,566 - ResourceManager : found /templates/service.java.vm with loader org.apache.velocity.runtime.resource.loader.ClasspathResourceLoader
2018-08-26 22:33:33,623 - ResourceManager : found /templates/serviceImpl.java.vm with loader org.apache.velocity.runtime.resource.loader.ClasspathResourceLoader
2018-08-26 22:33:33,628 - ResourceManager : found /templates/controller.java.vm with loader org.apache.velocity.runtime.resource.loader.ClasspathResourceLoader
2018-08-26 22:33:33,631 - ResourceManager : unable to find resource '/template/list.jsp.vm' in any resource loader.
2018-08-26 22:57:13,760 - Log4JLogChute initialized using file 'velocity.log'
2018-08-26 22:57:13,761 - Initializing Velocity, Calling init()...
2018-08-26 22:57:13,761 - Starting Apache Velocity v1.7 (compiled: 2010-11-19 12:14:37)
2018-08-26 22:57:13,761 - Default Properties File: org\apache\velocity\runtime\defaults\velocity.properties
2018-08-26 22:57:13,761 - Trying to use logger class org.apache.velocity.runtime.log.AvalonLogChute
2018-08-26 22:57:13,761 - Target log system for org.apache.velocity.runtime.log.AvalonLogChute is not available (java.lang.NoClassDefFoundError: org/apache/log/format/Formatter).  Falling back to next log system...
2018-08-26 22:57:13,761 - Trying to use logger class org.apache.velocity.runtime.log.Log4JLogChute
2018-08-26 22:57:13,761 - Using logger class org.apache.velocity.runtime.log.Log4JLogChute
2018-08-26 22:57:13,765 - ResourceLoader instantiated: org.apache.velocity.runtime.resource.loader.ClasspathResourceLoader
2018-08-26 22:57:13,777 - ResourceCache: initialized (class org.apache.velocity.runtime.resource.ResourceCacheImpl) with class java.util.Collections$SynchronizedMap cache map.
2018-08-26 22:57:13,778 - Loaded System Directive: org.apache.velocity.runtime.directive.Stop
2018-08-26 22:57:13,779 - Loaded System Directive: org.apache.velocity.runtime.directive.Define
2018-08-26 22:57:13,779 - Loaded System Directive: org.apache.velocity.runtime.directive.Break
2018-08-26 22:57:13,780 - Loaded System Directive: org.apache.velocity.runtime.directive.Evaluate
2018-08-26 22:57:13,780 - Loaded System Directive: org.apache.velocity.runtime.directive.Literal
2018-08-26 22:57:13,782 - Loaded System Directive: org.apache.velocity.runtime.directive.Macro
2018-08-26 22:57:13,783 - Loaded System Directive: org.apache.velocity.runtime.directive.Parse
2018-08-26 22:57:13,784 - Loaded System Directive: org.apache.velocity.runtime.directive.Include
2018-08-26 22:57:13,785 - Loaded System Directive: org.apache.velocity.runtime.directive.Foreach
2018-08-26 22:57:13,814 - Created '20' parsers.
2018-08-26 22:57:13,817 - Velocimacro : "velocimacro.library" is not set.  Trying default library: VM_global_library.vm
2018-08-26 22:57:13,817 - Could not load resource 'VM_global_library.vm' from ResourceLoader org.apache.velocity.runtime.resource.loader.ClasspathResourceLoader: ClasspathResourceLoader Error: cannot find resource VM_global_library.vm
2018-08-26 22:57:13,817 - Velocimacro : Default library not found.
2018-08-26 22:57:13,817 - Velocimacro : allowInline = true : VMs can be defined inline in templates
2018-08-26 22:57:13,817 - Velocimacro : allowInlineToOverride = false : VMs defined inline may NOT replace previous VM definitions
2018-08-26 22:57:13,817 - Velocimacro : allowInlineLocal = false : VMs defined inline will be global in scope if allowed.
2018-08-26 22:57:13,817 - Velocimacro : autoload off : VM system will not automatically reload global library macros
2018-08-26 22:57:13,840 - ResourceManager : found /templates/entity.java.vm with loader org.apache.velocity.runtime.resource.loader.ClasspathResourceLoader
2018-08-26 22:57:13,850 - Left side (${versionFieldName}) of '==' operation has null value. If it is a reference, it may not be in the context or its toString() returned null. /templates/entity.java.vm[line 76, column 26]
2018-08-26 22:57:13,850 - Left side (${logicDeleteFieldName}) of '==' operation has null value. If it is a reference, it may not be in the context or its toString() returned null. /templates/entity.java.vm[line 80, column 30]
2018-08-26 22:57:13,850 - Left side (${versionFieldName}) of '==' operation has null value. If it is a reference, it may not be in the context or its toString() returned null. /templates/entity.java.vm[line 76, column 26]
2018-08-26 22:57:13,850 - Left side (${logicDeleteFieldName}) of '==' operation has null value. If it is a reference, it may not be in the context or its toString() returned null. /templates/entity.java.vm[line 80, column 30]
2018-08-26 22:57:13,850 - Left side (${versionFieldName}) of '==' operation has null value. If it is a reference, it may not be in the context or its toString() returned null. /templates/entity.java.vm[line 76, column 26]
2018-08-26 22:57:13,850 - Left side (${logicDeleteFieldName}) of '==' operation has null value. If it is a reference, it may not be in the context or its toString() returned null. /templates/entity.java.vm[line 80, column 30]
2018-08-26 22:57:13,859 - ResourceManager : found /templates/mapper.java.vm with loader org.apache.velocity.runtime.resource.loader.ClasspathResourceLoader
2018-08-26 22:57:13,863 - ResourceManager : found /templates/service.java.vm with loader org.apache.velocity.runtime.resource.loader.ClasspathResourceLoader
2018-08-26 22:57:13,866 - ResourceManager : found /templates/serviceImpl.java.vm with loader org.apache.velocity.runtime.resource.loader.ClasspathResourceLoader
2018-08-26 22:57:13,869 - ResourceManager : found /templates/controller.java.vm with loader org.apache.velocity.runtime.resource.loader.ClasspathResourceLoader
2018-08-26 22:57:13,871 - ResourceManager : unable to find resource '/template/list.jsp.vm' in any resource loader.
2018-08-26 23:11:21,197 - Log4JLogChute initialized using file 'velocity.log'
2018-08-26 23:11:21,197 - Initializing Velocity, Calling init()...
2018-08-26 23:11:21,197 - Starting Apache Velocity v1.7 (compiled: 2010-11-19 12:14:37)
2018-08-26 23:11:21,197 - Default Properties File: org\apache\velocity\runtime\defaults\velocity.properties
2018-08-26 23:11:21,197 - Trying to use logger class org.apache.velocity.runtime.log.AvalonLogChute
2018-08-26 23:11:21,197 - Target log system for org.apache.velocity.runtime.log.AvalonLogChute is not available (java.lang.NoClassDefFoundError: org/apache/log/format/Formatter).  Falling back to next log system...
2018-08-26 23:11:21,197 - Trying to use logger class org.apache.velocity.runtime.log.Log4JLogChute
2018-08-26 23:11:21,198 - Using logger class org.apache.velocity.runtime.log.Log4JLogChute
2018-08-26 23:11:21,202 - ResourceLoader instantiated: org.apache.velocity.runtime.resource.loader.ClasspathResourceLoader
2018-08-26 23:11:21,215 - ResourceCache: initialized (class org.apache.velocity.runtime.resource.ResourceCacheImpl) with class java.util.Collections$SynchronizedMap cache map.
2018-08-26 23:11:21,216 - Loaded System Directive: org.apache.velocity.runtime.directive.Stop
2018-08-26 23:11:21,217 - Loaded System Directive: org.apache.velocity.runtime.directive.Define
2018-08-26 23:11:21,217 - Loaded System Directive: org.apache.velocity.runtime.directive.Break
2018-08-26 23:11:21,219 - Loaded System Directive: org.apache.velocity.runtime.directive.Evaluate
2018-08-26 23:11:21,219 - Loaded System Directive: org.apache.velocity.runtime.directive.Literal
2018-08-26 23:11:21,220 - Loaded System Directive: org.apache.velocity.runtime.directive.Macro
2018-08-26 23:11:21,221 - Loaded System Directive: org.apache.velocity.runtime.directive.Parse
2018-08-26 23:11:21,222 - Loaded System Directive: org.apache.velocity.runtime.directive.Include
2018-08-26 23:11:21,223 - Loaded System Directive: org.apache.velocity.runtime.directive.Foreach
2018-08-26 23:11:21,259 - Created '20' parsers.
2018-08-26 23:11:21,264 - Velocimacro : "velocimacro.library" is not set.  Trying default library: VM_global_library.vm
2018-08-26 23:11:21,265 - Could not load resource 'VM_global_library.vm' from ResourceLoader org.apache.velocity.runtime.resource.loader.ClasspathResourceLoader: ClasspathResourceLoader Error: cannot find resource VM_global_library.vm
2018-08-26 23:11:21,265 - Velocimacro : Default library not found.
2018-08-26 23:11:21,265 - Velocimacro : allowInline = true : VMs can be defined inline in templates
2018-08-26 23:11:21,265 - Velocimacro : allowInlineToOverride = false : VMs defined inline may NOT replace previous VM definitions
2018-08-26 23:11:21,265 - Velocimacro : allowInlineLocal = false : VMs defined inline will be global in scope if allowed.
2018-08-26 23:11:21,265 - Velocimacro : autoload off : VM system will not automatically reload global library macros
2018-08-26 23:11:21,288 - ResourceManager : found /templates/entity.java.vm with loader org.apache.velocity.runtime.resource.loader.ClasspathResourceLoader
2018-08-26 23:11:21,302 - Left side (${versionFieldName}) of '==' operation has null value. If it is a reference, it may not be in the context or its toString() returned null. /templates/entity.java.vm[line 76, column 26]
2018-08-26 23:11:21,302 - Left side (${logicDeleteFieldName}) of '==' operation has null value. If it is a reference, it may not be in the context or its toString() returned null. /templates/entity.java.vm[line 80, column 30]
2018-08-26 23:11:21,302 - Left side (${versionFieldName}) of '==' operation has null value. If it is a reference, it may not be in the context or its toString() returned null. /templates/entity.java.vm[line 76, column 26]
2018-08-26 23:11:21,302 - Left side (${logicDeleteFieldName}) of '==' operation has null value. If it is a reference, it may not be in the context or its toString() returned null. /templates/entity.java.vm[line 80, column 30]
2018-08-26 23:11:21,302 - Left side (${versionFieldName}) of '==' operation has null value. If it is a reference, it may not be in the context or its toString() returned null. /templates/entity.java.vm[line 76, column 26]
2018-08-26 23:11:21,303 - Left side (${logicDeleteFieldName}) of '==' operation has null value. If it is a reference, it may not be in the context or its toString() returned null. /templates/entity.java.vm[line 80, column 30]
2018-08-26 23:11:21,324 - ResourceManager : found /templates/mapper.java.vm with loader org.apache.velocity.runtime.resource.loader.ClasspathResourceLoader
2018-08-26 23:11:21,328 - ResourceManager : found /templates/service.java.vm with loader org.apache.velocity.runtime.resource.loader.ClasspathResourceLoader
2018-08-26 23:11:21,331 - ResourceManager : found /templates/serviceImpl.java.vm with loader org.apache.velocity.runtime.resource.loader.ClasspathResourceLoader
2018-08-26 23:11:21,334 - ResourceManager : found /templates/controller.java.vm with loader org.apache.velocity.runtime.resource.loader.ClasspathResourceLoader
2018-08-26 23:11:21,337 - ResourceManager : unable to find resource '/template/list.jsp.vm' in any resource loader.
